<?xml version="1.0" encoding="UTF-8"?>
<!-- Generated by org.testng.reporters.JUnitXMLReporter -->
<testsuite ignored="0" hostname="DESKTOP-T42JQOV" failures="0" tests="6" name="Default test" time="11.15" errors="0" timestamp="2024-09-08T13:28:01 IST">
  <testcase classname="com.qc.testng.tests.RegisterTest" name="doRegister" time="0.278"/>
  <testcase classname="com.qc.testng.tests.RegisterTest" name="doRegister" time="0.568"/>
  <testcase classname="com.qc.testng.tests.RegisterTest" name="doRegister" time="0.441"/>
  <testcase classname="com.qc.testng.tests.RegisterTest" name="doRegister" time="0.426"/>
  <testcase classname="com.qc.testng.tests.RegisterTest" name="doRegister" time="0.587"/>
  <testcase classname="com.qc.testng.tests.RegisterTest" name="doRegister" time="0.47"/>
</testsuite> <!-- Default test -->
