<?xml version="1.0" encoding="UTF-8"?>
<!-- Generated by org.testng.reporters.JUnitXMLReporter -->
<testsuite ignored="0" hostname="DESKTOP-T42JQOV" failures="0" tests="13" name="Test" time="21.684" errors="0" timestamp="2024-09-08T13:44:23 IST">
  <testcase classname="com.qc.testng.tests.LoginTest" name="doLogin" time="0.183"/>
  <testcase classname="com.qc.testng.tests.LoginTest" name="doLogin" time="0.149"/>
  <testcase classname="com.qc.testng.tests.LoginTest" name="doLogin" time="0.226"/>
  <testcase classname="com.qc.testng.tests.LoginTest" name="doLogin" time="0.351"/>
  <testcase classname="com.qc.testng.tests.LoginTest" name="doLogin" time="0.266"/>
  <testcase classname="com.qc.testng.tests.LoginTest" name="doLogin" time="0.402"/>
  <testcase classname="com.qc.testng.tests.LoginTest" name="doLogin" time="0.35"/>
  <testcase classname="com.qc.testng.tests.RegisterTest" name="doRegister" time="0.265"/>
  <testcase classname="com.qc.testng.tests.RegisterTest" name="doRegister" time="0.255"/>
  <testcase classname="com.qc.testng.tests.RegisterTest" name="doRegister" time="0.415"/>
  <testcase classname="com.qc.testng.tests.RegisterTest" name="doRegister" time="0.319"/>
  <testcase classname="com.qc.testng.tests.RegisterTest" name="doRegister" time="0.488"/>
  <testcase classname="com.qc.testng.tests.RegisterTest" name="doRegister" time="0.621"/>
</testsuite> <!-- Test -->
